<?xml version="1.0" encoding="UTF-8"?>
<!-- Generated by org.testng.reporters.JUnitXMLReporter -->
<testsuite ignored="0" hostname="Pradeep" failures="0" tests="3" name="Default test" time="82.182" errors="0" timestamp="2023-03-03T13:48:56 IST">
  <testcase classname="Parallel_WebDriver.Example17_ParameterTest" name="Chrome" time="6.075"/>
  <testcase classname="Parallel_WebDriver.Example17_ParameterTest" name="Edge" time="4.274"/>
  <testcase classname="Parallel_WebDriver.Example17_ParameterTest" name="Firefox" time="71.789"/>
</testsuite> <!-- Default test -->
