<?xml version="1.0" encoding="UTF-8"?>
<testng-results ignored="0" total="3" passed="3" failed="0" skipped="0">
  <reporter-output>
  </reporter-output>
  <suite started-at="2023-03-03T13:47:34 IST" name="Default suite" finished-at="2023-03-03T13:48:56 IST" duration-ms="82182">
    <groups>
    </groups>
    <test started-at="2023-03-03T13:47:34 IST" name="Default test" finished-at="2023-03-03T13:48:56 IST" duration-ms="82182">
      <class name="Parallel_WebDriver.Example17_ParameterTest">
        <test-method signature="Chrome()[pri:0, instance:Parallel_WebDriver.Example17_ParameterTest@32ee6fee]" started-at="2023-03-03T13:47:34 IST" name="Chrome" finished-at="2023-03-03T13:47:40 IST" duration-ms="6075" status="PASS">
          <reporter-output>
          </reporter-output>
        </test-method> <!-- Chrome -->
        <test-method signature="Edge()[pri:0, instance:Parallel_WebDriver.Example17_ParameterTest@32ee6fee]" started-at="2023-03-03T13:47:40 IST" name="Edge" finished-at="2023-03-03T13:47:45 IST" duration-ms="4274" status="PASS">
          <reporter-output>
          </reporter-output>
        </test-method> <!-- Edge -->
        <test-method signature="Firefox()[pri:0, instance:Parallel_WebDriver.Example17_ParameterTest@32ee6fee]" started-at="2023-03-03T13:47:45 IST" name="Firefox" finished-at="2023-03-03T13:48:56 IST" duration-ms="71789" status="PASS">
          <reporter-output>
          </reporter-output>
        </test-method> <!-- Firefox -->
      </class> <!-- Parallel_WebDriver.Example17_ParameterTest -->
    </test> <!-- Default test -->
  </suite> <!-- Default suite -->
</testng-results>
